2022-03-30 21:02:58,710:INFO:PyCaret Supervised Module
2022-03-30 21:02:58,711:INFO:ML Usecase: clustering
2022-03-30 21:02:58,711:INFO:version 2.3.9
2022-03-30 21:02:58,712:INFO:Initializing setup()
2022-03-30 21:02:58,712:INFO:setup(target=None, ml_usecase=clustering, available_plots={'cluster': 'Cluster PCA Plot (2d)', 'tsne': 'Cluster TSnE (3d)', 'elbow': 'Elbow', 'silhouette': 'Silhouette', 'distance': 'Distance', 'distribution': 'Distribution'}, train_size=0.7, test_data=None, preprocess=True, imputation_type=simple, iterative_imputation_iters=5, categorical_features=None, categorical_imputation=mode, categorical_iterative_imputer=lightgbm, ordinal_features=None, high_cardinality_features=None, high_cardinality_method=frequency, numeric_features=None, numeric_imputation=mean, numeric_iterative_imputer=lightgbm, date_features=None, ignore_features=None, normalize=True, normalize_method=zscore, transformation=False, transformation_method=yeo-johnson, handle_unknown_categorical=True, unknown_categorical_method=least_frequent, pca=False, pca_method=linear, pca_components=None, ignore_low_variance=False, combine_rare_levels=False, rare_level_threshold=0.1, bin_numeric_features=None, remove_outliers=False, outliers_threshold=0.05, remove_multicollinearity=False, multicollinearity_threshold=0.9, remove_perfect_collinearity=False, create_clusters=False, cluster_iter=20, polynomial_features=False, polynomial_degree=2, trigonometry_features=False, polynomial_threshold=0.1, group_features=None, group_names=None, feature_selection=False, feature_selection_threshold=0.8, feature_selection_method=classic, feature_interaction=False, feature_ratio=False, interaction_threshold=0.01, fix_imbalance=False, fix_imbalance_method=None, transform_target=False, transform_target_method=box-cox, data_split_shuffle=False, data_split_stratify=False, fold_strategy=kfold, fold=10, fold_shuffle=False, fold_groups=None, n_jobs=-1, use_gpu=False, custom_pipeline=None, html=True, session_id=123, log_experiment=False, experiment_name=None, experiment_custom_tags=None, log_plots=False, log_profile=False, log_data=False, silent=False, verbose=True, profile=False, profile_kwargs=None, display=None)
2022-03-30 21:02:58,713:INFO:Checking environment
2022-03-30 21:02:58,713:INFO:python_version: 3.9.7
2022-03-30 21:02:58,713:INFO:python_build: ('tags/v3.9.7:1016ef3', 'Aug 30 2021 20:19:38')
2022-03-30 21:02:58,713:INFO:machine: AMD64
2022-03-30 21:02:58,713:INFO:platform: Windows-10-10.0.19044-SP0
2022-03-30 21:02:58,717:WARNING:cannot find psutil installation. memory not traceable. Install psutil using pip to enable memory logging.
2022-03-30 21:02:58,717:INFO:Checking libraries
2022-03-30 21:02:58,718:INFO:pd==1.3.4
2022-03-30 21:02:58,718:INFO:numpy==1.19.5
2022-03-30 21:02:58,718:INFO:sklearn==0.23.2
2022-03-30 21:02:58,718:INFO:lightgbm==3.3.2
2022-03-30 21:02:58,721:WARNING:catboost not found
2022-03-30 21:02:59,715:INFO:xgboost==1.5.2
2022-03-30 21:02:59,716:INFO:mlflow==1.24.0
2022-03-30 21:02:59,716:INFO:Checking Exceptions
2022-03-30 21:02:59,716:INFO:Declaring global variables
2022-03-30 21:02:59,716:INFO:USI: f64c
2022-03-30 21:02:59,716:INFO:pycaret_globals: {'_internal_pipeline', 'imputation_regressor', 'pycaret_globals', 'exp_name_log', 'prep_pipe', 'fix_imbalance_method_param', 'X', '_all_models_internal', 'fold_generator', 'logging_param', 'display_container', 'USI', 'experiment__', 'fold_groups_param_full', 'data_before_preprocess', 'dashboard_logger', 'seed', 'gpu_param', '_ml_usecase', 'n_jobs_param', 'html_param', 'master_model_container', 'fix_imbalance_param', 'iterative_imputation_iters_param', 'transform_target_param', '_available_plots', 'fold_param', 'create_model_container', 'fold_shuffle_param', '_all_metrics', 'transform_target_method_param', 'target_param', 'stratify_param', 'log_plots_param', 'fold_groups_param', '_all_models', '_gpu_n_jobs_param', 'imputation_classifier'}
2022-03-30 21:02:59,717:INFO:Preparing display monitor
2022-03-30 21:02:59,717:INFO:Preparing display monitor
2022-03-30 21:02:59,743:INFO:Importing libraries
2022-03-30 21:02:59,744:INFO:Copying data for preprocessing
2022-03-30 21:02:59,773:INFO:Declaring preprocessing parameters
2022-03-30 21:02:59,784:INFO:Creating preprocessing pipeline
2022-03-30 21:02:59,802:INFO:Preprocessing pipeline created successfully
2022-03-30 21:02:59,802:ERROR:(Process Exit): setup has been interupted with user command 'quit'. setup must rerun.
2022-03-30 21:02:59,802:INFO:Creating global containers
2022-03-30 21:02:59,807:INFO:Internal pipeline: Pipeline(memory=None, steps=[('empty_step', 'passthrough')], verbose=False)
2022-03-30 21:03:14,577:INFO:Creating grid variables
2022-03-30 21:03:14,607:INFO:create_model_container: 0
2022-03-30 21:03:14,608:INFO:master_model_container: 0
2022-03-30 21:03:14,609:INFO:display_container: 1
2022-03-30 21:03:14,621:INFO:Pipeline(memory=None,
         steps=[('dtypes',
                 DataTypes_Auto_infer(categorical_features=[],
                                      display_types=True, features_todrop=[],
                                      id_columns=[], ml_usecase='regression',
                                      numerical_features=[],
                                      target='UNSUPERVISED_DUMMY_TARGET',
                                      time_features=[])),
                ('imputer',
                 Simple_Imputer(categorical_strategy='most frequent',
                                fill_value_categorical=None,
                                fill_value_numerical=None...
                ('P_transform', 'passthrough'), ('binn', 'passthrough'),
                ('rem_outliers', 'passthrough'), ('cluster_all', 'passthrough'),
                ('dummy', Dummify(target='UNSUPERVISED_DUMMY_TARGET')),
                ('fix_perfect', 'passthrough'),
                ('clean_names', Clean_Colum_Names()),
                ('feature_select', 'passthrough'), ('fix_multi', 'passthrough'),
                ('dfs', 'passthrough'), ('pca', 'passthrough')],
         verbose=False)
2022-03-30 21:03:14,622:INFO:setup() succesfully completed......................................
2022-03-30 21:06:46,620:INFO:Initializing create_model()
2022-03-30 21:06:46,621:INFO:create_model(estimator=kmeans, num_clusters=4, fraction=0.05, ground_truth=None, round=4, fit_kwargs=None, verbose=True, system=True, add_to_model_list=True, raise_num_clusters=False, experiment_custom_tags=None, display=None, kwargs={})
2022-03-30 21:06:46,621:INFO:Checking exceptions
2022-03-30 21:06:46,622:INFO:Preparing display monitor
2022-03-30 21:06:46,676:INFO:Importing libraries
2022-03-30 21:06:46,691:INFO:Importing untrained model
2022-03-30 21:06:46,710:INFO:K-Means Clustering Imported succesfully
2022-03-30 21:06:46,728:INFO:Fitting Model
2022-03-30 21:06:46,873:INFO:KMeans(algorithm='auto', copy_x=True, init='k-means++', max_iter=300,
       n_clusters=4, n_init=10, n_jobs=-1, precompute_distances='deprecated',
       random_state=123, tol=0.0001, verbose=0)
2022-03-30 21:06:46,874:INFO:create_models() succesfully completed......................................
2022-03-30 21:06:46,876:INFO:Uploading results into container
2022-03-30 21:06:46,886:INFO:Uploading model into container now
2022-03-30 21:06:46,899:INFO:create_model_container: 1
2022-03-30 21:06:46,900:INFO:master_model_container: 1
2022-03-30 21:06:46,900:INFO:display_container: 2
2022-03-30 21:06:46,902:INFO:KMeans(algorithm='auto', copy_x=True, init='k-means++', max_iter=300,
       n_clusters=4, n_init=10, n_jobs=-1, precompute_distances='deprecated',
       random_state=123, tol=0.0001, verbose=0)
2022-03-30 21:06:46,902:INFO:create_model() succesfully completed......................................
2022-03-30 21:07:05,354:INFO:Initializing create_model()
2022-03-30 21:07:05,354:INFO:create_model(estimator=kmeans, num_clusters=4, fraction=0.05, ground_truth=None, round=4, fit_kwargs=None, verbose=True, system=True, add_to_model_list=True, raise_num_clusters=False, experiment_custom_tags=None, display=None, kwargs={})
2022-03-30 21:07:05,354:INFO:Checking exceptions
2022-03-30 21:07:05,355:INFO:Preparing display monitor
2022-03-30 21:07:05,399:INFO:Importing libraries
2022-03-30 21:07:05,411:INFO:Importing untrained model
2022-03-30 21:07:05,425:INFO:K-Means Clustering Imported succesfully
2022-03-30 21:07:05,438:INFO:Fitting Model
2022-03-30 21:07:05,531:INFO:KMeans(algorithm='auto', copy_x=True, init='k-means++', max_iter=300,
       n_clusters=4, n_init=10, n_jobs=-1, precompute_distances='deprecated',
       random_state=123, tol=0.0001, verbose=0)
2022-03-30 21:07:05,531:INFO:create_models() succesfully completed......................................
2022-03-30 21:07:05,531:INFO:Uploading results into container
2022-03-30 21:07:05,551:INFO:Uploading model into container now
2022-03-30 21:07:05,563:INFO:create_model_container: 2
2022-03-30 21:07:05,563:INFO:master_model_container: 2
2022-03-30 21:07:05,563:INFO:display_container: 3
2022-03-30 21:07:05,564:INFO:KMeans(algorithm='auto', copy_x=True, init='k-means++', max_iter=300,
       n_clusters=4, n_init=10, n_jobs=-1, precompute_distances='deprecated',
       random_state=123, tol=0.0001, verbose=0)
2022-03-30 21:07:05,564:INFO:create_model() succesfully completed......................................
2022-03-30 21:07:42,913:INFO:Initializing create_model()
2022-03-30 21:07:42,914:INFO:create_model(estimator=kmeans, num_clusters=3, fraction=0.05, ground_truth=None, round=4, fit_kwargs=None, verbose=True, system=True, add_to_model_list=True, raise_num_clusters=False, experiment_custom_tags=None, display=None, kwargs={})
2022-03-30 21:07:42,914:INFO:Checking exceptions
2022-03-30 21:07:42,914:INFO:Preparing display monitor
2022-03-30 21:07:42,966:INFO:Importing libraries
2022-03-30 21:07:42,993:INFO:Importing untrained model
2022-03-30 21:07:43,017:INFO:K-Means Clustering Imported succesfully
2022-03-30 21:07:43,050:INFO:Fitting Model
2022-03-30 21:07:43,176:INFO:KMeans(algorithm='auto', copy_x=True, init='k-means++', max_iter=300,
       n_clusters=3, n_init=10, n_jobs=-1, precompute_distances='deprecated',
       random_state=123, tol=0.0001, verbose=0)
2022-03-30 21:07:43,176:INFO:create_models() succesfully completed......................................
2022-03-30 21:07:43,177:INFO:Uploading results into container
2022-03-30 21:07:43,185:INFO:Uploading model into container now
2022-03-30 21:07:43,233:INFO:create_model_container: 3
2022-03-30 21:07:43,242:INFO:master_model_container: 3
2022-03-30 21:07:43,242:INFO:display_container: 4
2022-03-30 21:07:43,242:INFO:KMeans(algorithm='auto', copy_x=True, init='k-means++', max_iter=300,
       n_clusters=3, n_init=10, n_jobs=-1, precompute_distances='deprecated',
       random_state=123, tol=0.0001, verbose=0)
2022-03-30 21:07:43,242:INFO:create_model() succesfully completed......................................
2022-03-30 21:08:03,771:INFO:gpu_param set to False
2022-03-30 21:08:06,400:INFO:gpu_param set to False
2022-03-30 21:09:45,762:INFO:Initializing assign_model()
2022-03-30 21:09:45,763:INFO:assign_model(model=KMeans(algorithm='auto', copy_x=True, init='k-means++', max_iter=300,
       n_clusters=3, n_init=10, n_jobs=-1, precompute_distances='deprecated',
       random_state=123, tol=0.0001, verbose=0), transformation=False, score=True, verbose=True)
2022-03-30 21:09:45,763:INFO:Checking exceptions
2022-03-30 21:09:45,764:INFO:Determining Trained Model
2022-03-30 21:09:45,764:INFO:Trained Model : K-Means Clustering
2022-03-30 21:09:45,764:INFO:Copying data
2022-03-30 21:09:45,766:INFO:(120, 5)
2022-03-30 21:09:45,766:INFO:assign_model() succesfully completed......................................
2022-03-30 21:10:17,414:INFO:Initializing plot_model()
2022-03-30 21:10:17,414:INFO:plot_model(fold=None, use_train_data=False, verbose=True, is_in_evaluate=False, display=None, display_format=None, estimator=KMeans(algorithm='auto', copy_x=True, init='k-means++', max_iter=300,
       n_clusters=3, n_init=10, n_jobs=-1, precompute_distances='deprecated',
       random_state=123, tol=0.0001, verbose=0), feature_name=None, fit_kwargs=None, groups=None, label=False, plot=cluster, plot_kwargs=None, save=False, scale=1, system=True)
2022-03-30 21:10:17,415:INFO:Checking exceptions
2022-03-30 21:10:17,415:INFO:Preparing display monitor
2022-03-30 21:10:17,428:INFO:Preloading libraries
2022-03-30 21:10:17,431:INFO:Copying training dataset
2022-03-30 21:10:17,431:INFO:Plot type: cluster
2022-03-30 21:10:17,435:INFO:SubProcess assign_model() called ==================================
2022-03-30 21:10:17,438:INFO:Initializing assign_model()
2022-03-30 21:10:17,439:INFO:assign_model(model=Pipeline(memory=None,
         steps=[('empty_step', 'passthrough'),
                ('actual_estimator',
                 KMeans(algorithm='auto', copy_x=True, init='k-means++',
                        max_iter=300, n_clusters=3, n_init=10, n_jobs=-1,
                        precompute_distances='deprecated', random_state=123,
                        tol=0.0001, verbose=0))],
         verbose=False), transformation=True, score=True, verbose=False)
2022-03-30 21:10:17,439:INFO:Checking exceptions
2022-03-30 21:10:17,440:INFO:Determining Trained Model
2022-03-30 21:10:17,440:INFO:Trained Model : K-Means Clustering
2022-03-30 21:10:17,441:INFO:Copying data
2022-03-30 21:10:17,442:INFO:Transformation param set to True. Assigned clusters are attached on transformed dataset.
2022-03-30 21:10:17,443:INFO:(120, 5)
2022-03-30 21:10:17,444:INFO:assign_model() succesfully completed......................................
2022-03-30 21:10:17,444:INFO:SubProcess assign_model() end ==================================
2022-03-30 21:10:17,450:INFO:Fitting PCA()
2022-03-30 21:10:17,476:INFO:Sorting dataframe
2022-03-30 21:10:17,486:INFO:Rendering Visual
2022-03-30 21:10:21,602:INFO:Visual Rendered Successfully
2022-03-30 21:10:21,750:INFO:plot_model() succesfully completed......................................
2022-03-30 21:12:06,083:INFO:Initializing plot_model()
2022-03-30 21:12:06,083:INFO:plot_model(fold=None, use_train_data=False, verbose=True, is_in_evaluate=False, display=None, display_format=None, estimator=KMeans(algorithm='auto', copy_x=True, init='k-means++', max_iter=300,
       n_clusters=3, n_init=10, n_jobs=-1, precompute_distances='deprecated',
       random_state=123, tol=0.0001, verbose=0), feature_name=None, fit_kwargs=None, groups=None, label=False, plot=elbow, plot_kwargs=None, save=False, scale=1, system=True)
2022-03-30 21:12:06,083:INFO:Checking exceptions
2022-03-30 21:12:06,083:INFO:Preparing display monitor
2022-03-30 21:12:06,097:INFO:Preloading libraries
2022-03-30 21:12:06,099:INFO:Copying training dataset
2022-03-30 21:12:06,100:INFO:Plot type: elbow
2022-03-30 21:12:06,276:INFO:Fitting Model
2022-03-30 21:12:08,028:INFO:Visual Rendered Successfully
2022-03-30 21:12:08,182:INFO:plot_model() succesfully completed......................................
2022-03-30 21:12:54,786:INFO:Initializing plot_model()
2022-03-30 21:12:54,786:INFO:plot_model(fold=None, use_train_data=False, verbose=True, is_in_evaluate=False, display=None, display_format=None, estimator=KMeans(algorithm='auto', copy_x=True, init='k-means++', max_iter=300,
       n_clusters=3, n_init=10, n_jobs=-1, precompute_distances='deprecated',
       random_state=123, tol=0.0001, verbose=0), feature_name=None, fit_kwargs=None, groups=None, label=False, plot=silhouette, plot_kwargs=None, save=False, scale=1, system=True)
2022-03-30 21:12:54,786:INFO:Checking exceptions
2022-03-30 21:12:54,786:INFO:Preparing display monitor
2022-03-30 21:12:54,796:INFO:Preloading libraries
2022-03-30 21:12:54,800:INFO:Copying training dataset
2022-03-30 21:12:54,801:INFO:Plot type: silhouette
2022-03-30 21:12:54,803:INFO:Fitting Model
2022-03-30 21:12:55,086:INFO:Visual Rendered Successfully
2022-03-30 21:12:55,250:INFO:plot_model() succesfully completed......................................
2022-03-30 21:14:45,239:INFO:Initializing predict_model()
2022-03-30 21:14:45,239:INFO:predict_model(estimator=KMeans(algorithm='auto', copy_x=True, init='k-means++', max_iter=300,
       n_clusters=3, n_init=10, n_jobs=-1, precompute_distances='deprecated',
       random_state=123, tol=0.0001, verbose=0), ml_usecase=MLUsecase.CLUSTERING)
